dez. 10, 2024 4:38:43 PM Server1.Server <init>
INFO: Server1 is online.
dez. 10, 2024 4:39:04 PM Server1.Server <init>
INFO: Connected to /127.0.0.1 on port 30001.
dez. 10, 2024 4:39:04 PM Server1.Server getRole
INFO: Current storage request.
dez. 10, 2024 4:39:04 PM Server1.Server getRole
INFO: Main server.
dez. 10, 2024 4:39:04 PM Server1.Server mainServer
INFO: Connected to /127.0.0.1 on port 30000.
dez. 10, 2024 4:39:04 PM Server1.Server receivePacket
INFO: Received packet 0 from /127.0.0.1.
dez. 10, 2024 4:39:04 PM Server1.Server receivePacket
INFO: Received packet 1 from /127.0.0.1.
dez. 10, 2024 4:39:04 PM Server1.Server receivePacket
INFO: Received packet 2 from /127.0.0.1.
dez. 10, 2024 4:39:04 PM Server1.Server receivePacket
INFO: Received packet 3 from /127.0.0.1.
dez. 10, 2024 4:39:04 PM Server1.Server receivePacket
INFO: Received packet 4 from /127.0.0.1.
dez. 10, 2024 4:39:04 PM Server1.Server receivePacket
INFO: Received packet 5 from /127.0.0.1.
dez. 10, 2024 4:39:04 PM Server1.Server receivePacket
INFO: Received packet 6 from /127.0.0.1.
dez. 10, 2024 4:39:04 PM Server1.Server receivePacket
INFO: Received packet 7 from /127.0.0.1.
dez. 10, 2024 4:39:04 PM Server1.Server receivePacket
INFO: Received packet 8 from /127.0.0.1.
dez. 10, 2024 4:39:04 PM Server1.Server receivePacket
INFO: Received packet 9 from /127.0.0.1.
dez. 10, 2024 4:39:04 PM Server1.Server receivePacket
INFO: Received packet 10 from /127.0.0.1.
dez. 10, 2024 4:39:04 PM Server1.Server receivePacket
INFO: Received packet 11 from /127.0.0.1.
dez. 10, 2024 4:39:04 PM Server1.Server receivePacket
INFO: Received packet 12 from /127.0.0.1.
dez. 10, 2024 4:39:04 PM Server1.Server receivePacket
INFO: Received packet 13 from /127.0.0.1.
dez. 10, 2024 4:39:04 PM Server1.Server receivePacket
INFO: Received packet 14 from /127.0.0.1.
dez. 10, 2024 4:39:04 PM Server1.Server receivePacket
INFO: Received packet 15 from /127.0.0.1.
dez. 10, 2024 4:39:04 PM Server1.Server receivePacket
INFO: Received packet 16 from /127.0.0.1.
dez. 10, 2024 4:39:04 PM Server1.Server receivePacket
INFO: Received packet 17 from /127.0.0.1.
dez. 10, 2024 4:39:04 PM Server1.Server receivePacket
INFO: Received packet 18 from /127.0.0.1.
dez. 10, 2024 4:39:04 PM Server1.Server receivePacket
INFO: Received packet 19 from /127.0.0.1.
dez. 10, 2024 4:39:04 PM Server1.Server receivePacket
INFO: Received packet 20 from /127.0.0.1.
dez. 10, 2024 4:39:04 PM Server1.Server receivePacket
INFO: Received packet 21 from /127.0.0.1.
dez. 10, 2024 4:39:04 PM Server1.Server receivePacket
INFO: Received packet 22 from /127.0.0.1.
dez. 10, 2024 4:39:04 PM Server1.Server receivePacket
INFO: Received packet 23 from /127.0.0.1.
dez. 10, 2024 4:39:04 PM Server1.Server receivePacket
INFO: Received packet 24 from /127.0.0.1.
dez. 10, 2024 4:39:04 PM Server1.Server receivePacket
INFO: Received packet 25 from /127.0.0.1.
dez. 10, 2024 4:39:04 PM Server1.Server receivePacket
INFO: Received packet 26 from /127.0.0.1.
dez. 10, 2024 4:39:04 PM Server1.Server receivePacket
INFO: Received packet 27 from /127.0.0.1.
dez. 10, 2024 4:39:04 PM Server1.Server receivePacket
INFO: Received packet 28 from /127.0.0.1.
dez. 10, 2024 4:39:04 PM Server1.Server receivePacket
INFO: Received packet 29 from /127.0.0.1.
dez. 10, 2024 4:39:04 PM Server1.Server receivePacket
INFO: Received packet 30 from /127.0.0.1.
dez. 10, 2024 4:39:04 PM Server1.Server receivePacket
INFO: Received packet 31 from /127.0.0.1.
dez. 10, 2024 4:39:04 PM Server1.Server receivePacket
INFO: Received packet 32 from /127.0.0.1.
dez. 10, 2024 4:39:04 PM Server1.Server receivePacket
INFO: Received packet 33 from /127.0.0.1.
dez. 10, 2024 4:39:04 PM Server1.Server receivePacket
INFO: Received packet 34 from /127.0.0.1.
dez. 10, 2024 4:39:04 PM Server1.Server receivePacket
INFO: Received packet 35 from /127.0.0.1.
dez. 10, 2024 4:39:04 PM Server1.Server receivePacket
INFO: Received packet 36 from /127.0.0.1.
dez. 10, 2024 4:39:04 PM Server1.Server receivePacket
INFO: Received packet 37 from /127.0.0.1.
dez. 10, 2024 4:39:04 PM Server1.Server receivePacket
INFO: Received packet 38 from /127.0.0.1.
dez. 10, 2024 4:39:04 PM Server1.Server receivePacket
INFO: Received packet 39 from /127.0.0.1.
dez. 10, 2024 4:39:04 PM Server1.Server receivePacket
INFO: Received packet 40 from /127.0.0.1.
dez. 10, 2024 4:39:04 PM Server1.Server receivePacket
INFO: Received packet 41 from /127.0.0.1.
dez. 10, 2024 4:39:04 PM Server1.Server receivePacket
INFO: Received packet 42 from /127.0.0.1.
dez. 10, 2024 4:39:04 PM Server1.Server receivePacket
INFO: Received packet 43 from /127.0.0.1.
dez. 10, 2024 4:39:04 PM Server1.Server receivePacket
INFO: Received packet 44 from /127.0.0.1.
dez. 10, 2024 4:39:04 PM Server1.Server receivePacket
INFO: Received packet 45 from /127.0.0.1.
dez. 10, 2024 4:39:04 PM Server1.Server receivePacket
INFO: Received packet 46 from /127.0.0.1.
dez. 10, 2024 4:39:04 PM Server1.Server receivePacket
INFO: Received packet 47 from /127.0.0.1.
dez. 10, 2024 4:39:04 PM Server1.Server receivePacket
INFO: Received packet 48 from /127.0.0.1.
dez. 10, 2024 4:39:04 PM Server1.Server receivePacket
INFO: Received packet 49 from /127.0.0.1.
dez. 10, 2024 4:39:04 PM Server1.Server receivePacket
INFO: Received packet 50 from /127.0.0.1.
dez. 10, 2024 4:39:04 PM Server1.Server receivePacket
INFO: Received packet 51 from /127.0.0.1.
dez. 10, 2024 4:39:04 PM Server1.Server receivePacket
INFO: Received packet 52 from /127.0.0.1.
dez. 10, 2024 4:39:04 PM Server1.Server receivePacket
INFO: Received packet 53 from /127.0.0.1.
dez. 10, 2024 4:39:04 PM Server1.Server receivePacket
INFO: Received packet 54 from /127.0.0.1.
dez. 10, 2024 4:39:04 PM Server1.Server receivePacket
INFO: Received packet 55 from /127.0.0.1.
dez. 10, 2024 4:39:04 PM Server1.Server receivePacket
INFO: Received packet 56 from /127.0.0.1.
dez. 10, 2024 4:39:04 PM Server1.Server receivePacket
INFO: Received packet 57 from /127.0.0.1.
dez. 10, 2024 4:39:04 PM Server1.Server receivePacket
INFO: Received packet 58 from /127.0.0.1.
dez. 10, 2024 4:39:04 PM Server1.Server receivePacket
INFO: Received packet 59 from /127.0.0.1.
dez. 10, 2024 4:39:04 PM Server1.Server receivePacket
INFO: Received packet 60 from /127.0.0.1.
dez. 10, 2024 4:39:04 PM Server1.Server receivePacket
INFO: Received packet 61 from /127.0.0.1.
dez. 10, 2024 4:39:04 PM Server1.Server receivePacket
INFO: Received packet 62 from /127.0.0.1.
dez. 10, 2024 4:39:04 PM Server1.Server receivePacket
INFO: Received packet 63 from /127.0.0.1.
dez. 10, 2024 4:39:04 PM Server1.Server receivePacket
INFO: Received packet 64 from /127.0.0.1.
dez. 10, 2024 4:39:04 PM Server1.Server receivePacket
INFO: Received packet 65 from /127.0.0.1.
dez. 10, 2024 4:39:04 PM Server1.Server receivePacket
INFO: Received packet 66 from /127.0.0.1.
dez. 10, 2024 4:39:04 PM Server1.Server receivePacket
INFO: Received packet 67 from /127.0.0.1.
dez. 10, 2024 4:39:04 PM Server1.Server receivePacket
INFO: Received packet 68 from /127.0.0.1.
dez. 10, 2024 4:39:04 PM Server1.Server receivePacket
INFO: Received packet 69 from /127.0.0.1.
dez. 10, 2024 4:39:04 PM Server1.Server receivePacket
INFO: Received packet 70 from /127.0.0.1.
dez. 10, 2024 4:39:04 PM Server1.Server receivePacket
INFO: Received packet 71 from /127.0.0.1.
dez. 10, 2024 4:39:04 PM Server1.Server receivePacket
INFO: Received packet 72 from /127.0.0.1.
dez. 10, 2024 4:39:04 PM Server1.Server receivePacket
INFO: Received packet 73 from /127.0.0.1.
dez. 10, 2024 4:39:04 PM Server1.Server receivePacket
INFO: Received packet 74 from /127.0.0.1.
dez. 10, 2024 4:39:04 PM Server1.Server receivePacket
INFO: Received packet 75 from /127.0.0.1.
dez. 10, 2024 4:39:04 PM Server1.Server receivePacket
INFO: Received packet 76 from /127.0.0.1.
dez. 10, 2024 4:39:04 PM Server1.Server receivePacket
INFO: Received packet 77 from /127.0.0.1.
dez. 10, 2024 4:39:04 PM Server1.Server receivePacket
INFO: Received packet 78 from /127.0.0.1.
dez. 10, 2024 4:39:04 PM Server1.Server receivePacket
INFO: Received packet 79 from /127.0.0.1.
dez. 10, 2024 4:39:04 PM Server1.Server receivePacket
INFO: Received packet 80 from /127.0.0.1.
dez. 10, 2024 4:39:04 PM Server1.Server receivePacket
INFO: Received packet 81 from /127.0.0.1.
dez. 10, 2024 4:39:04 PM Server1.Server receivePacket
INFO: Received packet 82 from /127.0.0.1.
dez. 10, 2024 4:39:04 PM Server1.Server receivePacket
INFO: Received packet 83 from /127.0.0.1.
dez. 10, 2024 4:39:04 PM Server1.Server receivePacket
INFO: Received packet 84 from /127.0.0.1.
dez. 10, 2024 4:39:04 PM Server1.Server receivePacket
INFO: Received packet 85 from /127.0.0.1.
dez. 10, 2024 4:39:04 PM Server1.Server receivePacket
INFO: Received packet 86 from /127.0.0.1.
dez. 10, 2024 4:39:04 PM Server1.Server receivePacket
INFO: Received packet 87 from /127.0.0.1.
dez. 10, 2024 4:39:04 PM Server1.Server receivePacket
INFO: Received packet 88 from /127.0.0.1.
dez. 10, 2024 4:39:04 PM Server1.Server receivePacket
INFO: /127.0.0.1 requested connection closure.
dez. 10, 2024 4:39:04 PM Server1.Server closeConnection
INFO: Connection with server was closed.
dez. 10, 2024 4:39:04 PM Server1.Server closeConnection
INFO: Server 1 is offline.
